Case #1:
3 3
2 3
1 1
2 3
Case #2:
2 3
1 1
2 3
2 3
Case #3:
2 2
1 1
Case #4:
1 3
1 3
1 3
3 3
Case #5:
1 5
2 5
2 5
1 5
1 5
2 5
3 5
1 5
Case #6:
1 9
1 9
1 9
1 9
1 9
1 9
1 9
1 9
1 9
1 9
1 9
1 9
1 9
1 9
1 9
2 9
Case #7:
1 5
1 5
1 5
3 5
1 5
1 5
2 5
1 5
Case #8:
1 5
1 5
1 5
2 5
2 5
1 5
2 5
1 5
Case #9:
1 1
2 2
Case #10:
2 2
1 1
Case #11:
1 5
2 5
1 5
1 5
1 5
1 5
1 5
1 5
Case #12:
3 3
1 1
2 3
2 3
Case #13:
1 1
2 2
Case #14:
2 3
1 3
1 3
2 3
Case #15:
2 3
2 3
1 3
1 3
Case #16:
1 9
1 9
1 9
1 9
1 9
1 9
1 9
1 9
1 9
1 9
1 9
1 9
1 9
1 9
1 9
1 9
Case #17:
2 2
1 1
Case #18:
1 9
1 9
1 9
1 9
1 9
1 9
1 9
1 9
1 9
1 9
1 9
1 9
1 9
1 9
1 9
1 9
Case #19:
2 2
1 1
Case #20:
1 5
1 5
1 5
1 5
1 5
2 5
1 5
1 5
Case #21:
1 9
1 9
1 9
1 9
1 9
1 9
1 9
1 9
1 9
1 9
1 9
1 9
1 9
1 9
1 9
1 9
Case #22:
1 1
2 2
Case #23:
1 9
1 9
1 9
1 9
1 9
1 9
1 9
1 9
1 9
1 9
1 9
1 9
1 9
1 9
1 9
1 9
Case #24:
1 5
1 5
1 5
1 5
1 5
1 5
1 5
2 5
Case #25:
1 9
1 9
1 9
1 9
1 9
1 9
1 9
1 9
1 9
1 9
1 9
1 9
1 9
1 9
1 9
1 9
Case #26:
1 5
2 5
1 5
1 5
1 5
1 5
2 5
1 5
Case #27:
1 5
1 5
2 5
1 5
2 5
1 5
1 5
1 5
Case #28:
1 1
2 2
Case #29:
1 9
1 9
1 9
1 9
1 9
1 9
1 9
1 9
1 9
1 9
1 9
1 9
1 9
1 9
1 9
1 9
Case #30:
1 9
1 9
1 9
1 9
1 9
1 9
1 9
1 9
1 9
1 9
1 9
1 9
3 9
1 9
1 9
1 9
Case #31:
2 2
1 1
Case #32:
2 2
1 1
Case #33:
1 5
1 5
1 5
1 5
5 5
1 5
1 5
1 5
Case #34:
1 1
2 2
Case #35:
1 3
2 3
1 3
2 3
Case #36:
2 2
1 1
Case #37:
1 1
2 3
2 3
2 3
Case #38:
2 5
1 5
1 5
1 5
1 5
1 5
1 5
1 5
Case #39:
1 5
2 5
2 5
2 5
1 5
1 5
1 5
1 5
Case #40:
2 3
2 3
2 3
1 1
Case #41:
1 9
1 9
1 9
1 9
1 9
1 9
1 9
1 9
1 9
1 9
1 9
1 9
1 9
1 9
1 9
1 9
Case #42:
1 9
1 9
1 9
1 9
1 9
1 9
1 9
1 9
1 9
1 9
1 9
1 9
1 9
1 9
2 9
1 9
Case #43:
1 5
1 5
2 5
1 5
3 5
1 5
1 5
1 5
Case #44:
5 5
3 5
3 5
1 5
1 5
2 5
1 5
1 5
Case #45:
2 3
1 3
2 3
1 3
Case #46:
1 1
2 2
Case #47:
1 1
2 2
Case #48:
2 2
1 1
Case #49:
1 9
1 9
1 9
1 9
1 9
1 9
1 9
1 9
1 9
1 9
1 9
1 9
1 9
1 9
1 9
1 9
Case #50:
1 9
1 9
1 9
2 9
1 9
1 9
1 9
1 9
1 9
1 9
1 9
1 9
1 9
3 9
1 9
1 9
Case #51:
1 5
2 5
1 5
1 5
1 5
1 5
2 5
1 5
Case #52:
2 2
1 1
Case #53:
2 2
1 1
Case #54:
1 9
1 9
1 9
1 9
1 9
1 9
1 9
1 9
1 9
1 9
1 9
1 9
1 9
1 9
1 9
1 9
Case #55:
2 2
1 1
Case #56:
1 9
1 9
1 9
1 9
1 9
1 9
1 9
1 9
1 9
1 9
1 9
1 9
1 9
1 9
1 9
1 9
Case #57:
2 3
3 3
1 1
2 3
Case #58:
3 5
1 5
1 5
1 5
1 5
1 5
1 5
1 5
Case #59:
1 1
2 2
Case #60:
1 3
2 3
2 3
1 3
Case #61:
1 5
3 5
1 5
1 5
1 5
2 5
1 5
1 5
Case #62:
2 5
2 5
2 5
1 1
2 5
2 5
2 5
2 5
Case #63:
1 5
1 5
1 5
1 5
1 5
1 5
3 5
1 5
Case #64:
1 1
2 2
Case #65:
2 3
3 3
1 1
2 3
Case #66:
2 9
1 9
1 9
1 9
1 9
1 9
1 9
1 9
1 9
1 9
1 9
1 9
1 9
1 9
1 9
1 9
Case #67:
1 9
1 9
1 9
1 9
1 9
1 9
1 9
1 9
1 9
1 9
1 9
1 9
1 9
1 9
1 9
1 9
Case #68:
2 3
2 3
2 3
1 1
Case #69:
1 9
1 9
1 9
1 9
1 9
1 9
1 9
1 9
1 9
1 9
1 9
1 9
1 9
1 9
1 9
2 9
Case #70:
1 9
1 9
1 9
1 9
1 9
1 9
1 9
1 9
1 9
1 9
1 9
1 9
1 9
1 9
1 9
1 9
Case #71:
1 9
1 9
1 9
1 9
1 9
1 9
1 9
1 9
1 9
1 9
1 9
1 9
1 9
1 9
1 9
1 9
Case #72:
2 5
2 5
2 5
1 5
1 5
1 5
2 5
2 5
Case #73:
1 5
1 5
1 5
2 5
1 5
1 5
1 5
1 5
Case #74:
2 3
1 1
2 3
2 3
Case #75:
1 9
1 9
1 9
1 9
1 9
1 9
1 9
1 9
1 9
1 9
1 9
1 9
1 9
1 9
1 9
1 9
Case #76:
2 3
1 3
1 3
2 3
Case #77:
2 2
1 1
Case #78:
1 5
3 5
1 5
1 5
2 5
1 5
1 5
2 5
Case #79:
1 1
3 3
2 3
2 3
Case #80:
1 3
1 3
1 3
3 3
Case #81:
2 3
3 3
2 3
1 1
Case #82:
1 5
3 5
1 5
1 5
1 5
1 5
1 5
1 5
Case #83:
3 5
1 5
2 5
1 5
1 5
1 5
1 5
1 5
Case #84:
1 1
2 3
2 3
3 3
Case #85:
1 1
2 2
Case #86:
1 5
1 5
2 5
1 5
1 5
2 5
3 5
1 5
Case #87:
1 1
2 2
Case #88:
1 9
2 9
1 9
1 9
1 9
1 9
1 9
1 9
2 9
1 9
1 9
1 9
1 9
1 9
1 9
1 9
Case #89:
2 3
2 3
1 3
1 3
Case #90:
3 3
2 3
1 1
2 3
Case #91:
2 2
1 1
Case #92:
1 3
2 3
1 3
2 3
Case #93:
2 3
1 3
2 3
1 3
Case #94:
3 3
1 3
1 3
1 3
Case #95:
1 3
2 3
1 3
2 3
Case #96:
2 3
3 3
1 1
2 3
Case #97:
1 5
2 5
2 5
1 5
2 5
1 5
1 5
2 5
Case #98:
2 3
2 3
1 1
2 3
Case #99:
1 5
1 5
2 5
1 5
2 5
1 5
1 5
2 5
Case #100:
1 1
2 2
Case #101:
2 3
1 1
2 3
3 3
Case #102:
1 1
2 2
Case #103:
1 1
2 2
Case #104:
2 5
3 5
2 5
1 5
1 5
1 5
1 5
2 5
Case #105:
1 9
1 9
1 9
1 9
1 9
1 9
1 9
1 9
1 9
1 9
1 9
1 9
1 9
1 9
1 9
1 9
Case #106:
1 5
2 5
1 5
2 5
1 5
1 5
1 5
1 5
Case #107:
1 5
1 5
1 5
1 5
1 5
1 5
2 5
2 5
Case #108:
1 5
1 5
2 5
1 5
2 5
1 5
2 5
2 5
Case #109:
2 3
2 3
1 3
1 3
Case #110:
1 5
1 5
1 5
2 5
1 5
1 5
1 5
1 5
Case #111:
2 2
1 1
Case #112:
1 3
1 3
3 3
1 3
Case #113:
1 9
1 9
1 9
1 9
1 9
1 9
1 9
1 9
1 9
1 9
1 9
1 9
1 9
1 9
1 9
1 9
Case #114:
1 9
1 9
1 9
1 9
1 9
1 9
1 9
1 9
1 9
1 9
1 9
1 9
1 9
1 9
1 9
1 9
Case #115:
2 5
1 5
1 5
2 5
1 5
1 5
1 5
1 5
Case #116:
2 2
1 1
Case #117:
2 2
1 1
Case #118:
2 5
1 5
1 5
2 5
1 5
1 5
1 5
1 5
Case #119:
1 9
1 9
1 9
1 9
1 9
3 9
1 9
1 9
1 9
1 9
1 9
1 9
1 9
1 9
1 9
1 9
Case #120:
2 5
1 5
2 5
2 5
1 5
1 5
1 5
2 5
Case #121:
1 5
1 5
1 5
1 5
1 5
2 5
1 5
2 5
Case #122:
1 3
1 3
1 3
3 3
Case #123:
2 2
1 1
Case #124:
1 1
2 2
Case #125:
1 5
1 5
1 5
1 5
1 5
1 5
1 5
1 5
Case #126:
1 1
Case #127:
1 1
2 2
Case #128:
1 5
1 5
1 5
3 5
1 5
1 5
1 5
1 5
Case #129:
1 9
1 9
1 9
1 9
1 9
1 9
1 9
1 9
1 9
1 9
1 9
1 9
1 9
1 9
1 9
1 9
Case #130:
1 5
1 5
1 5
1 5
1 5
1 5
1 5
3 5
Case #131:
1 5
2 5
1 5
1 5
1 5
1 5
5 5
1 5
Case #132:
1 5
2 5
1 5
1 5
1 5
3 5
1 5
1 5
Case #133:
2 5
1 5
1 5
1 5
1 5
1 5
1 5
1 5
Case #134:
2 5
5 5
1 5
1 5
1 5
2 5
2 5
1 5
Case #135:
3 3
1 1
2 3
2 3
Case #136:
1 9
1 9
1 9
1 9
1 9
1 9
1 9
1 9
1 9
1 9
1 9
1 9
1 9
1 9
1 9
1 9
Case #137:
1 9
1 9
2 9
1 9
1 9
1 9
1 9
1 9
1 9
1 9
1 9
1 9
1 9
1 9
1 9
1 9
Case #138:
2 2
1 1
Case #139:
1 9
1 9
1 9
1 9
1 9
1 9
1 9
1 9
1 9
1 9
1 9
1 9
1 9
1 9
1 9
1 9
Case #140:
1 5
1 5
1 5
1 5
1 5
2 5
1 5
1 5
Case #141:
1 1
2 3
3 3
2 3
Case #142:
2 3
1 1
2 3
2 3
Case #143:
2 5
1 5
2 5
1 5
1 5
1 5
1 5
1 5
Case #144:
2 2
1 1
Case #145:
1 9
1 9
1 9
1 9
1 9
1 9
1 9
1 9
1 9
1 9
1 9
1 9
1 9
1 9
1 9
1 9
Case #146:
2 3
1 1
2 3
2 3
Case #147:
1 9
1 9
1 9
1 9
1 9
1 9
1 9
1 9
1 9
1 9
1 9
1 9
1 9
1 9
1 9
1 9
Case #148:
1 3
1 3
2 3
2 3
Case #149:
2 5
3 5
1 5
1 5
2 5
1 5
1 5
1 5
Case #150:
2 5
3 5
2 5
1 1
2 5
2 5
2 5
2 5
Case #151:
1 5
3 5
1 5
1 5
1 5
1 5
1 5
1 5
Case #152:
2 3
1 3
1 3
2 3
Case #153:
2 3
2 3
1 1
3 3
Case #154:
2 3
2 3
1 3
1 3
Case #155:
1 3
1 3
3 3
1 3
Case #156:
1 9
1 9
1 9
1 9
1 9
1 9
1 9
1 9
1 9
1 9
1 9
1 9
1 9
1 9
1 9
1 9
Case #157:
1 5
1 5
1 5
1 5
1 5
1 5
1 5
2 5
Case #158:
1 3
2 3
2 3
1 3
Case #159:
2 3
3 3
2 3
1 1
Case #160:
1 5
2 5
2 5
1 5
1 5
2 5
1 5
1 5
Case #161:
2 5
3 5
1 1
2 5
2 5
2 5
2 5
2 5
Case #162:
2 3
2 3
2 3
1 1
Case #163:
3 3
1 1
2 3
2 3
Case #164:
1 3
2 3
1 3
2 3
Case #165:
1 1
2 2
Case #166:
1 1
2 2
Case #167:
1 9
1 9
1 9
1 9
1 9
1 9
1 9
1 9
1 9
1 9
1 9
1 9
1 9
1 9
1 9
1 9
Case #168:
1 9
1 9
1 9
1 9
1 9
1 9
1 9
1 9
1 9
1 9
1 9
1 9
1 9
1 9
1 9
1 9
Case #169:
2 5
2 5
2 5
2 5
2 5
2 5
2 5
1 1
Case #170:
1 9
1 9
1 9
2 9
1 9
1 9
1 9
1 9
1 9
1 9
1 9
1 9
1 9
1 9
1 9
1 9
Case #171:
1 5
1 5
3 5
1 5
1 5
2 5
1 5
2 5
Case #172:
1 5
1 5
1 5
2 5
2 5
2 5
2 5
3 5
Case #173:
1 3
3 3
1 3
1 3
Case #174:
1 1
2 2
Case #175:
3 5
2 5
1 5
1 5
1 5
1 5
1 5
2 5
Case #176:
1 9
1 9
1 9
1 9
1 9
1 9
1 9
1 9
1 9
1 9
1 9
1 9
1 9
1 9
1 9
1 9
Case #177:
1 9
1 9
1 9
1 9
1 9
1 9
1 9
1 9
1 9
1 9
1 9
1 9
1 9
1 9
1 9
1 9
Case #178:
3 3
2 3
1 1
2 3
Case #179:
3 3
1 1
2 3
2 3
Case #180:
2 2
1 1
Case #181:
1 5
1 5
1 5
1 5
2 5
2 5
1 5
2 5
Case #182:
2 3
1 1
3 3
2 3
Case #183:
2 2
1 1
Case #184:
1 5
1 5
2 5
1 5
2 5
5 5
1 5
1 5
Case #185:
1 5
3 5
1 5
1 5
1 5
1 5
2 5
2 5
Case #186:
1 3
3 3
1 3
1 3
Case #187:
2 3
2 3
2 3
1 1
Case #188:
1 3
1 3
2 3
2 3
Case #189:
1 3
2 3
1 3
2 3
Case #190:
1 1
2 2
Case #191:
1 1
3 3
2 3
2 3
Case #192:
1 5
1 5
2 5
1 5
1 5
1 5
1 5
1 5
Case #193:
1 9
1 9
1 9
1 9
1 9
1 9
1 9
1 9
1 9
1 9
1 9
1 9
1 9
1 9
1 9
1 9
Case #194:
1 3
1 3
1 3
3 3
Case #195:
1 3
2 3
2 3
1 3
Case #196:
2 3
2 3
1 3
1 3
Case #197:
1 5
1 5
1 5
1 5
1 5
2 5
1 5
3 5
Case #198:
3 3
1 3
1 3
1 3
Case #199:
1 9
1 9
1 9
1 9
1 9
1 9
1 9
1 9
1 9
1 9
1 9
1 9
1 9
1 9
1 9
1 9
Case #200:
3 3
1 3
1 3
1 3
Case #201:
1 5
1 5
2 5
2 5
1 5
1 5
1 5
1 5
Case #202:
1 9
1 9
1 9
1 9
1 9
1 9
1 9
1 9
1 9
1 9
1 9
1 9
1 9
1 9
1 9
1 9
Case #203:
1 1
2 2
Case #204:
1 1
2 2
Case #205:
1 9
1 9
1 9
1 9
1 9
1 9
1 9
1 9
1 9
1 9
1 9
1 9
1 9
1 9
1 9
1 9
Case #206:
1 9
1 9
1 9
1 9
1 9
1 9
1 9
1 9
1 9
1 9
1 9
1 9
1 9
1 9
1 9
2 9
Case #207:
1 1
2 2
Case #208:
1 1
2 2
Case #209:
2 2
1 1
Case #210:
2 2
1 1
Case #211:
2 2
1 1
Case #212:
1 1
2 2
Case #213:
1 1
2 3
2 3
3 3
Case #214:
1 1
2 2
Case #215:
1 5
1 5
2 5
1 5
1 5
3 5
2 5
2 5
Case #216:
1 5
1 5
1 5
2 5
2 5
1 5
3 5
1 5
Case #217:
1 1
2 2
Case #218:
1 5
1 5
3 5
1 5
1 5
2 5
1 5
1 5
Case #219:
2 5
2 5
2 5
1 1
2 5
2 5
2 5
2 5
Case #220:
1 1
2 2
Case #221:
1 9
1 9
1 9
1 9
1 9
1 9
1 9
1 9
1 9
1 9
1 9
1 9
1 9
1 9
1 9
1 9
Case #222:
1 1
2 3
3 3
2 3
Case #223:
1 3
2 3
1 3
2 3
Case #224:
2 2
1 1
Case #225:
1 9
1 9
1 9
1 9
1 9
1 9
1 9
1 9
1 9
1 9
1 9
1 9
1 9
1 9
1 9
1 9
Case #226:
1 9
1 9
1 9
1 9
1 9
1 9
1 9
1 9
1 9
1 9
1 9
1 9
1 9
1 9
1 9
1 9
Case #227:
2 3
1 3
2 3
1 3
Case #228:
3 3
1 3
1 3
1 3
Case #229:
3 5
1 5
1 5
1 5
1 5
1 5
1 5
1 5
Case #230:
1 5
1 5
2 5
1 5
1 5
1 5
2 5
1 5
Case #231:
2 5
1 5
3 5
1 5
1 5
3 5
1 5
1 5
Case #232:
3 3
1 3
1 3
1 3
Case #233:
1 1
2 2
Case #234:
1 5
1 5
1 5
1 5
1 5
1 5
2 5
1 5
Case #235:
2 5
1 5
1 5
1 5
1 5
2 5
1 5
1 5
Case #236:
2 3
1 1
3 3
2 3
Case #237:
2 2
1 1
Case #238:
2 2
1 1
Case #239:
2 3
2 3
1 1
3 3
Case #240:
1 1
2 2
Case #241:
2 2
1 1
Case #242:
1 1
2 3
2 3
2 3
Case #243:
1 1
2 2
Case #244:
1 9
1 9
1 9
1 9
1 9
1 9
1 9
1 9
1 9
1 9
1 9
1 9
1 9
1 9
1 9
1 9
Case #245:
1 1
2 3
2 3
2 3
Case #246:
2 2
1 1
Case #247:
1 1
2 3
2 3
2 3
Case #248:
1 9
1 9
1 9
1 9
1 9
1 9
1 9
1 9
1 9
1 9
1 9
1 9
1 9
1 9
1 9
1 9
Case #249:
1 9
1 9
1 9
1 9
1 9
1 9
2 9
1 9
1 9
1 9
1 9
1 9
1 9
1 9
1 9
1 9
Case #250:
2 5
2 5
2 5
1 1
2 5
2 5
2 5
2 5
