Case #1: ColdBrewMachine WoodenSculpture LightningBolts SweetStop BahnAppetit FukiSushiInOldenDays BurgerShack ConstitutionDeli ChosHawkerCenter ShuttlePlatform LikeSign MPK20Roof Ballpit Sol TechVendingMachine NailPolishRoomBlock 
Case #2: PhilzCoffee HalalTruck Ballpit LivingTheDream SweetStop BridgeClub Nanokitchen SwagStore WallOfPhones SonOfPingAndPong Arcade ZucksOffice FakeCrosswalk 
Case #3: DentalOffice BlueBottle 
Case #4: Harvest FukiSushiInOldenDays ZucksOldOffice NailPolishRoomBlock MPK20Roof 
Case #5: PhilzCoffee SonOfPingAndPong LikeSign ChosHawkerCenter Sol ConstitutionDeli Arcade SugarShack LateHarvest DentalOffice TransportationHub LightningBolts Helpdesk VerveCoffee FukiSushiInOldenDays WallOfPhones BridgeClub WoodenSculpture BurgerShack TuringInDominoes HalalTruck CafeEpic TechVendingMachine ZucksOldOffice FoxPainting BlueBottle ShuttlePlatform SweetStop Ballpit ZucksOffice FreshOrangeJuice 
Case #6: LikeSign Arcade SwagStore 
Case #7: FoxPainting Microkitchen FreshOrangeJuice 
Case #8: FullCircle FukiSushiInOldenDays WallOfPhones NailPolishRoomBlock Ballpit 
Case #9: TuringInDominoes LivingTheDream HackerSquare WoodenSculpture 
Case #10: Helpdesk NailPolishRoomBlock HalalTruck ChosHawkerCenter BurgerShack LateHarvest SweetStop FukiSushiInOldenDays Nanokitchen SonOfPingAndPong MamaPennys Sol FullCircle PopUpShop VerveCoffee MPK20Roof ShuttlePlatform HackerSquare RainbowStairs SugarShack ColdBrewMachine LivingTheDream WallOfPhones ZucksOldOffice Ballpit 
Case #11: ZucksOldOffice ZucksOffice BlueBottle TransportationHub 
Case #12: PhilzCoffee HalalTruck Microkitchen MPK20Roof ColdBrewMachine 
Case #13: LightningBolts VerveCoffee 
Case #14: Ballpit Helpdesk NailPolishRoomBlock MPK20Roof FullCircle TuringInDominoes BlueBottle OculusDemoLab HackerSquare LivingTheDream FakeCrosswalk FreshOrangeJuice PhilzCoffee FukiSushiInOldenDays Nanokitchen BridgeClub WallOfPhones LateHarvest ConstitutionDeli LikeSign VerveCoffee Microkitchen DentalOffice Sol ChosHawkerCenter TransportationHub ZucksOffice RainbowStairs HotfixBar SonOfPingAndPong BurgerShack PopUpShop Harvest LightningBolts TechVendingMachine HalalTruck 
Case #15: ZucksOffice HackerSquare Helpdesk SugarShack 
Case #16: OculusDemoLab Ballpit ZucksOffice VerveCoffee SugarShack SaintFrank FoxGazebo RainbowStairs Nanokitchen TransportationHub LightningBolts BlueBottle BurgerShack WallOfPhones ConstitutionDeli MPK20Roof ChosHawkerCenter HalalTruck WoodenSculpture MamaPennys PopUpShop CafeEpic LivingTheDream LateHarvest FukiSushiInOldenDays FoxPainting 
Case #17: Arcade 
Case #18: MamaPennys FakeCrosswalk DentalOffice NailPolishRoomBlock HotfixBar Harvest ShuttlePlatform ConstitutionDeli BlueBottle BridgeClub LateHarvest VerveCoffee SweetStop HalalTruck SwagStore FreshOrangeJuice ZucksOldOffice FukiSushiInOldenDays CafeEpic SaintFrank Arcade MPK20Roof FoxPainting SugarShack ZucksOffice FullCircle LivingTheDream Helpdesk WallOfPhones RainbowStairs 
Case #19: CafeEpic SonOfPingAndPong SweetStop 
Case #20: DentalOffice MamaPennys Microkitchen LightningBolts ConstitutionDeli Harvest FakeCrosswalk WoodenSculpture VerveCoffee PhilzCoffee CafeEpic SugarShack FoxPainting Arcade LateHarvest ColdBrewMachine SonOfPingAndPong 
Case #21: HotfixBar 
Case #22: Sol Helpdesk PhilzCoffee OculusDemoLab VerveCoffee LateHarvest Ballpit SweetStop DentalOffice NailPolishRoomBlock SwagStore BurgerShack SonOfPingAndPong MamaPennys ColdBrewMachine ConstitutionDeli FullCircle Nanokitchen ShuttlePlatform CafeEpic Microkitchen TuringInDominoes MPK20Roof SaintFrank Harvest LikeSign ZucksOffice ChosHawkerCenter WoodenSculpture SugarShack WallOfPhones HotfixBar FoxPainting 
Case #23: BridgeClub ZucksOldOffice FreshOrangeJuice BurgerShack Microkitchen ColdBrewMachine NailPolishRoomBlock 
Case #24: BridgeClub LivingTheDream SaintFrank ZucksOldOffice 
Case #25: SaintFrank BlueBottle TransportationHub DentalOffice ColdBrewMachine MamaPennys 
Case #26: ShuttlePlatform NailPolishRoomBlock TechVendingMachine PopUpShop FukiSushiInOldenDays ChosHawkerCenter Arcade BridgeClub LightningBolts HotfixBar MPK20Roof 
Case #27: SaintFrank SonOfPingAndPong WallOfPhones SweetStop VerveCoffee WoodenSculpture Nanokitchen 
Case #28: OculusDemoLab VerveCoffee ZucksOffice BahnAppetit HalalTruck MPK20Roof FakeCrosswalk 
Case #29: FreshOrangeJuice ColdBrewMachine OculusDemoLab ZucksOffice FoxPainting Ballpit WoodenSculpture VerveCoffee BlueBottle HackerSquare LikeSign 
Case #30: LateHarvest ZucksOldOffice CafeEpic MPK20Roof SwagStore Microkitchen NailPolishRoomBlock FullCircle TuringInDominoes FukiSushiInOldenDays Harvest WoodenSculpture Arcade FoxGazebo WallOfPhones LikeSign ZucksOffice BridgeClub HackerSquare Nanokitchen BurgerShack FakeCrosswalk ConstitutionDeli 
Case #31: ChosHawkerCenter Arcade FoxGazebo FukiSushiInOldenDays WallOfPhones HackerSquare VerveCoffee BurgerShack HotfixBar FreshOrangeJuice WoodenSculpture 
Case #32: Arcade ConstitutionDeli HotfixBar 
Case #33: LateHarvest HalalTruck LightningBolts MamaPennys Harvest Helpdesk DentalOffice ColdBrewMachine TransportationHub SonOfPingAndPong RainbowStairs LikeSign FakeCrosswalk Ballpit FukiSushiInOldenDays FullCircle SugarShack CafeEpic FreshOrangeJuice ShuttlePlatform Nanokitchen TuringInDominoes NailPolishRoomBlock MPK20Roof BurgerShack SaintFrank HackerSquare 
Case #34: WallOfPhones 
Case #35: TuringInDominoes VerveCoffee FukiSushiInOldenDays ShuttlePlatform TechVendingMachine ColdBrewMachine LightningBolts BridgeClub HotfixBar OculusDemoLab CafeEpic FakeCrosswalk SonOfPingAndPong FullCircle ZucksOffice Arcade SugarShack FoxGazebo MPK20Roof ConstitutionDeli WallOfPhones ChosHawkerCenter WoodenSculpture 
Case #36: LikeSign SweetStop SwagStore 
Case #37: ColdBrewMachine 
Case #38: SweetStop 
Case #39: PhilzCoffee CafeEpic FukiSushiInOldenDays Microkitchen RainbowStairs LivingTheDream WoodenSculpture FoxGazebo FoxPainting OculusDemoLab Sol SaintFrank FullCircle SweetStop ChosHawkerCenter ColdBrewMachine BahnAppetit Ballpit VerveCoffee TechVendingMachine PopUpShop TransportationHub ConstitutionDeli WallOfPhones FakeCrosswalk ZucksOldOffice MamaPennys NailPolishRoomBlock Helpdesk LikeSign HotfixBar LateHarvest Harvest Nanokitchen BridgeClub ZucksOffice BurgerShack DentalOffice Arcade ShuttlePlatform FreshOrangeJuice BlueBottle 
Case #40: FakeCrosswalk FreshOrangeJuice LightningBolts TuringInDominoes Sol SonOfPingAndPong ColdBrewMachine SaintFrank BahnAppetit 
Case #41: TechVendingMachine 
Case #42: PhilzCoffee NailPolishRoomBlock FukiSushiInOldenDays ColdBrewMachine 
Case #43: FukiSushiInOldenDays ColdBrewMachine FreshOrangeJuice CafeEpic SwagStore Helpdesk FullCircle MamaPennys BahnAppetit LateHarvest Harvest 
Case #44: WoodenSculpture 
Case #45: WallOfPhones HalalTruck SugarShack BurgerShack 
Case #46: MPK20Roof MamaPennys SugarShack FoxPainting RainbowStairs ColdBrewMachine FukiSushiInOldenDays PhilzCoffee Ballpit ZucksOldOffice TechVendingMachine 
Case #47: ShuttlePlatform BlueBottle 
Case #48: MamaPennys TechVendingMachine LikeSign BurgerShack NailPolishRoomBlock FoxPainting FukiSushiInOldenDays TuringInDominoes 
Case #49: WoodenSculpture MPK20Roof Harvest Nanokitchen 
Case #50: ColdBrewMachine ZucksOldOffice 
Case #51: Nanokitchen ConstitutionDeli SaintFrank DentalOffice Ballpit FullCircle BlueBottle FakeCrosswalk OculusDemoLab FoxPainting Harvest ZucksOldOffice BurgerShack FreshOrangeJuice TransportationHub Microkitchen ShuttlePlatform FukiSushiInOldenDays LikeSign LateHarvest BridgeClub 
Case #52: HackerSquare OculusDemoLab ZucksOldOffice FakeCrosswalk BridgeClub Harvest LateHarvest WoodenSculpture ZucksOffice Microkitchen LightningBolts Sol BlueBottle FullCircle SaintFrank SonOfPingAndPong PopUpShop LivingTheDream TransportationHub LikeSign Arcade BurgerShack ConstitutionDeli Nanokitchen ChosHawkerCenter SweetStop CafeEpic DentalOffice MamaPennys RainbowStairs FoxGazebo NailPolishRoomBlock 
Case #53: MPK20Roof BridgeClub FukiSushiInOldenDays ConstitutionDeli Sol TransportationHub BlueBottle LivingTheDream SugarShack MamaPennys BahnAppetit Nanokitchen HotfixBar LateHarvest Microkitchen HalalTruck BurgerShack Ballpit OculusDemoLab LightningBolts Harvest 
Case #54: BahnAppetit LightningBolts FakeCrosswalk SwagStore HotfixBar VerveCoffee FukiSushiInOldenDays ColdBrewMachine PopUpShop LikeSign WallOfPhones BlueBottle TechVendingMachine FullCircle Arcade 
Case #55: RainbowStairs WallOfPhones FoxGazebo Helpdesk Arcade Harvest NailPolishRoomBlock FullCircle PopUpShop OculusDemoLab SaintFrank MamaPennys Sol FoxPainting HalalTruck LateHarvest FakeCrosswalk SugarShack BlueBottle SweetStop TuringInDominoes CafeEpic LivingTheDream DentalOffice ZucksOffice SonOfPingAndPong Nanokitchen ColdBrewMachine MPK20Roof WoodenSculpture PhilzCoffee BahnAppetit SwagStore FreshOrangeJuice ConstitutionDeli ShuttlePlatform LightningBolts ZucksOldOffice LikeSign TechVendingMachine Ballpit 
Case #56: SaintFrank HotfixBar Ballpit MPK20Roof PopUpShop ChosHawkerCenter HalalTruck FoxPainting Sol LivingTheDream SweetStop WallOfPhones HackerSquare LateHarvest TuringInDominoes LightningBolts ColdBrewMachine BurgerShack Nanokitchen 
Case #57: PopUpShop PhilzCoffee MPK20Roof LightningBolts ChosHawkerCenter Microkitchen CafeEpic BlueBottle ZucksOffice BridgeClub Ballpit VerveCoffee ColdBrewMachine WoodenSculpture 
Case #58: NailPolishRoomBlock LightningBolts BlueBottle RainbowStairs ChosHawkerCenter MamaPennys Helpdesk Arcade SonOfPingAndPong 
Case #59: Microkitchen BurgerShack FukiSushiInOldenDays Nanokitchen HackerSquare Helpdesk 
Case #60: ShuttlePlatform TuringInDominoes FukiSushiInOldenDays WoodenSculpture TechVendingMachine ZucksOffice LikeSign ZucksOldOffice HalalTruck Sol OculusDemoLab RainbowStairs LightningBolts SugarShack FakeCrosswalk LateHarvest WallOfPhones ConstitutionDeli HotfixBar TransportationHub MamaPennys Arcade Ballpit FoxPainting 
Case #61: RainbowStairs LateHarvest CafeEpic LightningBolts SugarShack BridgeClub ShuttlePlatform ChosHawkerCenter TransportationHub SonOfPingAndPong 
Case #62: BridgeClub WoodenSculpture DentalOffice FukiSushiInOldenDays BahnAppetit Nanokitchen LivingTheDream TuringInDominoes ShuttlePlatform ZucksOffice TechVendingMachine 
Case #63: LivingTheDream 
Case #64: Harvest TechVendingMachine 
Case #65: FoxGazebo MPK20Roof WoodenSculpture Biryani 
Case #66: TransportationHub SaintFrank 
Case #67: ChosHawkerCenter BlueBottle FukiSushiInOldenDays ZucksOldOffice LateHarvest WallOfPhones VerveCoffee ConstitutionDeli PopUpShop TechVendingMachine ZucksOffice ShuttlePlatform RainbowStairs FoxPainting MPK20Roof SwagStore Microkitchen BridgeClub ColdBrewMachine WoodenSculpture OculusDemoLab Harvest HackerSquare Sol SugarShack BurgerShack FreshOrangeJuice 
Case #68: Nanokitchen MPK20Roof BlueBottle Microkitchen BridgeClub ConstitutionDeli TechVendingMachine FukiSushiInOldenDays WallOfPhones SweetStop BurgerShack LikeSign Helpdesk OculusDemoLab HackerSquare MamaPennys PopUpShop ZucksOldOffice PhilzCoffee FullCircle NailPolishRoomBlock ChosHawkerCenter SwagStore 
Case #69: PhilzCoffee ZucksOffice BlueBottle HackerSquare ChosHawkerCenter 
Case #70: ZucksOldOffice ChosHawkerCenter Harvest SonOfPingAndPong Nanokitchen TuringInDominoes HotfixBar MPK20Roof FoxGazebo Arcade HackerSquare Ballpit FukiSushiInOldenDays SugarShack CafeEpic Helpdesk ColdBrewMachine 
Case #71: ShuttlePlatform TechVendingMachine CafeEpic ConstitutionDeli MPK20Roof BlueBottle TuringInDominoes FukiSushiInOldenDays Nanokitchen LightningBolts FreshOrangeJuice 
Case #72: WallOfPhones Nanokitchen MamaPennys HalalTruck TransportationHub 
Case #73: ZucksOffice ChosHawkerCenter LivingTheDream FullCircle SaintFrank RainbowStairs MamaPennys ConstitutionDeli SugarShack TuringInDominoes MPK20Roof BridgeClub LightningBolts WallOfPhones FreshOrangeJuice SweetStop Nanokitchen Ballpit Sol LikeSign TransportationHub SonOfPingAndPong OculusDemoLab 
Case #74: ShuttlePlatform 
Case #75: HackerSquare VerveCoffee HalalTruck ConstitutionDeli SugarShack PopUpShop Sol PhilzCoffee ShuttlePlatform BurgerShack LikeSign BlueBottle RainbowStairs LateHarvest Microkitchen ZucksOldOffice ZucksOffice SaintFrank TransportationHub FakeCrosswalk WallOfPhones SweetStop Harvest DentalOffice Ballpit LightningBolts FukiSushiInOldenDays SonOfPingAndPong WoodenSculpture TechVendingMachine HotfixBar ColdBrewMachine FoxGazebo 
Case #76: WoodenSculpture Harvest FukiSushiInOldenDays PopUpShop ShuttlePlatform BahnAppetit NailPolishRoomBlock SwagStore SugarShack 
Case #77: LikeSign Arcade SweetStop 
Case #78: ConstitutionDeli LikeSign FoxGazebo BlueBottle BurgerShack Microkitchen TransportationHub TuringInDominoes SugarShack ZucksOldOffice HotfixBar LateHarvest LightningBolts NailPolishRoomBlock LivingTheDream FullCircle ZucksOffice CafeEpic SaintFrank SonOfPingAndPong OculusDemoLab Nanokitchen 
Case #79: VerveCoffee PopUpShop OculusDemoLab ZucksOldOffice ZucksOffice 
Case #80: ZucksOldOffice Harvest FakeCrosswalk WallOfPhones LateHarvest HotfixBar Helpdesk 
