Case #1: 116793289 916793182
Case #2: 193698193 993698131
Case #3: 118179107 918177101
Case #4: 999999999 999999999
Case #5: 286277860 886277620
Case #6: 101839730 901813730
Case #7: 10 10
Case #8: 0 0
Case #9: 114353747 734351741
Case #10: 124144397 924144371
Case #11: 163307878 863307817
Case #12: 105535534 555530134
Case #13: 263033536 663033523
Case #14: 109923857 989123057
Case #15: 223795494 929735424
Case #16: 9099999 9999990
Case #17: 128754034 827154034
Case #18: 129060392 929060321
Case #19: 196888762 976888162
Case #20: 119644154 915644114
