bejfhmzczeghqktnqliaolpoazvpsdflrqxwdrvkorigcmutgcsjwfaua
iwkflkiwkflkmlkmvlkvmvxmnz
aaqzeebdhdfeaxkxpkwnjxqbnhnxpcusuxnnrzkov
eavcqvveidqnarthtevhlpurmkfqnotpesgphnnlqtwyuhztvu
aimallazucdmabatgbteluunoiqrvpcrxrghsywnthqxgkgwoqgw
itqsgpwzekahulakmamwxtfyhpncgzgbo
bwjibwjibwjijp
ehhsmhehhsmhihsmhixgehxgixgxnfc
duzklvrawqrc
dxujtdmdxujtdmmnyznlmnyzdxunlmnyznluxdxuux
gtkclmqgcagtqgcagtqgcagtqgcaqgcariwehfriwehf
dyroiymybeaxeyubxzdr
csmzjcxepgptfdcnkrncvkcoumevwvpvaxbyqoexwujwp
dixldllordrlolrlor
dfgthxdfgthxqhxhxdfgtqhxqhxqqvthzvow
aedzhujjcekgpmbjektqimdtwopkayncoklkcyyfqebh
cfsjoicfsjoinzndjoijoinzndjoijoinzndjoinzndssrexul
qfyufmufmuqfyufmuuqfyuvmcuvmcz
cdiqsevaxdeyrxbkbxdyrbqrhhfmdmtpdofbcvxedernxq
bbldkndhnrnnabbrnnaldkrnnazeabbbbzeabbzea
