Case #1: Aleksandar Aravind Bhuwan Igor
Case #2: Anil Igor Purav Sanjeet
Case #3: Doan Duc Gaurav John John Jordan Liang Rudradev Thomas Viswanath
Case #4: Chirag Viswanath
Case #5: Fabien Weiyan
Case #6: Amol Andrei Andrii Aravind David John Nima Paul Rudradev Vladislav
Case #7: Andriy David Dmytro Jan John Slawek
Case #8: Purav Slawek Wai Weiyan
Case #9: Andriy Jan Lingjuan Wenjie Xiao Yingsheng
Case #10: Atol Bhuwan Bhuwan Lin Nima Vladislav Voja Voja Yingsheng Zainab
Case #11: Erling Zejia
Case #12: Anshuman Atol Paul Wai
Case #13: Anil Aravind Jan Jan Victor Viswanath
Case #14: Anh Luiz Ranjeeth Roman Steaphan Weitao Weitao Zihing
Case #15: Doan John
Case #16: Ahmed Anshuman Jan Ranjeeth
Case #17: Andras Anh Doan Lingjuan Meihong Saransh Torbjorn Vladislav Vladislav Yingsheng
Case #18: Philip Tom Wesley Zhen
Case #19: Andrei Wesley
Case #20: Aravind Mehdi Weiyan Xiao
