35 188 23 845 368 520 198 280 973 598
Wrong machine
Not enough observations
577 428 402 291 252 544 735 545 771 34
271 614 979 74 762 740 272 167 572 45
127 654 591 954 270 340 110 917 31 941
800 165 579 115 155 485 397 892 591 132
184 661 105 194 865 465 388 877 222 869
200 296 626 311 671 64 600 649 15 469
Wrong machine
38 802 434 531 725 594 86 921 607 35
29 663 215 269 304 846 114 206 387 418
836 36 121 132 115 162 444 132 104 321
437 370 75 142 741 46 328 433 773 68
117 52 82 453 461 561 924 51 178 774
12 123 630 403 88 13 716 682 620 212
493 61 44 54 688 821 37 868 201 56
671 737 285 894 377 188 114 36 31 852
762 18 98 703 456 676 621 291 488 332
Wrong machine
