Case #1: GOROQVGVQQQSVGROOVOVSOOQV
Case #2: SRSBGRAKKORGCBGUCS
Case #3: OGCS
Case #4: BAYBYGYLGAGLFAGBHHF
Case #5: ZZ
Case #6: TORB
Case #7: ANNPPZVEAVPTZQPK
Case #8: CIQSCDTIPTLZGHQAQ
Case #9: WISHESYOUGOODLUCK
Case #10: RYYADDFVZDLKYKTC
Case #11: FACEBOOK
Case #12: EGGOQQGGOGOQOGOZQOZZQQZOZGG
Case #13: THE
Case #14: ZEF
Case #15: LDUNDNQXVNKNCQV
Case #16: CLACJALJCBTTJQN
Case #17: XXNAAEAXENEXXEEXENENAENXAEEAEXN
Case #18: ACACCCBBCCCBBACBCAACCABCBCBABABCCABACBBA
Case #19: CANPETRWINAGAIN
Case #20: UPNRNFRPDAVDWLNWN
