Case #1: 199657043 899965082
Case #2: 304284048 947787397
Case #3: 1 1
Case #4: 319838403 319838403
Case #5: 715062585 794279542
Case #6: 788649722 763674423
Case #7: 370665806 539919518
Case #8: 133432101 839838061
Case #9: 1 1
Case #10: 633156245 354441979
Case #11: 914446682 326487736
Case #12: 109667929 662611179
Case #13: 132989766 947787397
Case #14: 250782506 49035108
Case #15: 264377506 533391397
Case #16: 65627243 455845943
Case #17: 997814136 441095159
Case #18: 838827309 74747751
Case #19: 238405893 720720066
Case #20: 225795326 523210601
